{
  "stats": {
    "suites": 1,
    "tests": 1,
    "passes": 1,
    "pending": 0,
    "failures": 0,
    "start": "2026-08-15T13:08:53.969Z",
    "end": "2026-08-15T13:08:59.778Z",
    "duration": 5809,
    "testsRegistered": 1,
    "passPercent": 100,
    "pendingPercent": 0,
    "other": 0,
    "hasOther": false,
    "skipped": 0,
    "hasSkipped": false
  },
  "results": [
    {
      "uuid": "1bfbb088-cae2-4b62-aa22-afbb967089ed",
      "title": "",
      "fullFile": "cypress\\e2e\\LoginTest2.cy.js",
      "file": "cypress\\e2e\\LoginTest2.cy.js",
      "beforeHooks": [],
      "afterHooks": [],
      "tests": [],
      "suites": [
        {
          "uuid": "84c7b638-5157-44da-b304-6d08c90d4b96",
          "title": "Login to the application",
          "fullFile": "",
          "file": "",
          "beforeHooks": [],
          "afterHooks": [],
          "tests": [
            {
              "title": "launch the application",
              "fullTitle": "Login to the application launch the application",
              "timedOut": null,
              "duration": 2128,
              "state": "passed",
              "speed": "fast",
              "pass": true,
              "fail": false,
              "pending": false,
              "context": null,
              "code": "cy.visit('https://www.saucedemo.com/');\nconst ln = new _Login.default();\nln.setUserName(\"standard_user\");\nln.setPassword(\"secret_sauce\");\nln.clickLogin();",
              "err": {},
              "uuid": "ecf05b0f-4bd4-437b-ae4f-7a6daf85f4f5",
              "parentUUID": "84c7b638-5157-44da-b304-6d08c90d4b96",
              "isHook": false,
              "skipped": false
            }
          ],
          "suites": [],
          "passes": [
            "ecf05b0f-4bd4-437b-ae4f-7a6daf85f4f5"
          ],
          "failures": [],
          "pending": [],
          "skipped": [],
          "duration": 2128,
          "root": false,
          "rootEmpty": false,
          "_timeout": 2000
        }
      ],
      "passes": [],
      "failures": [],
      "pending": [],
      "skipped": [],
      "duration": 0,
      "root": true,
      "rootEmpty": true,
      "_timeout": 2000
    }
  ],
  "meta": {
    "mocha": {
      "version": "7.2.0"
    },
    "mochawesome": {
      "options": {
        "quiet": false,
        "reportFilename": "mochawesome",
        "saveHtml": false,
        "saveJson": true,
        "consoleReporter": "spec",
        "useInlineDiffs": false,
        "code": true
      },
      "version": "8.0.1"
    },
    "marge": {
      "options": {
        "reportDir": "cypress/reports/mocha",
        "overwrite": false,
        "html": false,
        "json": true
      },
      "version": "6.3.2"
    }
  }
}