{
  "stats": {
    "suites": 1,
    "tests": 1,
    "passes": 1,
    "pending": 0,
    "failures": 0,
    "start": "2026-08-15T13:21:28.557Z",
    "end": "2026-08-15T13:21:31.226Z",
    "duration": 2669,
    "testsRegistered": 1,
    "passPercent": 100,
    "pendingPercent": 0,
    "other": 0,
    "hasOther": false,
    "skipped": 0,
    "hasSkipped": false
  },
  "results": [
    {
      "uuid": "5c7cf853-a7db-4d8f-af6d-b99b0d58fff3",
      "title": "",
      "fullFile": "cypress\\e2e\\LoginTest2.cy.js",
      "file": "cypress\\e2e\\LoginTest2.cy.js",
      "beforeHooks": [],
      "afterHooks": [],
      "tests": [],
      "suites": [
        {
          "uuid": "9700af34-adb1-4dbc-9c9f-987e7642cf79",
          "title": "Login to the application",
          "fullFile": "",
          "file": "",
          "beforeHooks": [],
          "afterHooks": [],
          "tests": [
            {
              "title": "launch the application",
              "fullTitle": "Login to the application launch the application",
              "timedOut": null,
              "duration": 1169,
              "state": "passed",
              "speed": "fast",
              "pass": true,
              "fail": false,
              "pending": false,
              "context": null,
              "code": "cy.visit('https://www.saucedemo.com/');\nconst ln = new _Login.default();\nln.setUserName(\"standard_user\");\nln.setPassword(\"secret_sauce\");\nln.clickLogin();",
              "err": {},
              "uuid": "c80d26d3-993b-4d55-9894-ac988e59a41b",
              "parentUUID": "9700af34-adb1-4dbc-9c9f-987e7642cf79",
              "isHook": false,
              "skipped": false
            }
          ],
          "suites": [],
          "passes": [
            "c80d26d3-993b-4d55-9894-ac988e59a41b"
          ],
          "failures": [],
          "pending": [],
          "skipped": [],
          "duration": 1169,
          "root": false,
          "rootEmpty": false,
          "_timeout": 2000
        }
      ],
      "passes": [],
      "failures": [],
      "pending": [],
      "skipped": [],
      "duration": 0,
      "root": true,
      "rootEmpty": true,
      "_timeout": 2000
    }
  ],
  "meta": {
    "mocha": {
      "version": "7.2.0"
    },
    "mochawesome": {
      "options": {
        "quiet": false,
        "reportFilename": "mochawesome",
        "saveHtml": false,
        "saveJson": true,
        "consoleReporter": "spec",
        "useInlineDiffs": false,
        "code": true
      },
      "version": "8.0.1"
    },
    "marge": {
      "options": {
        "reportDir": "cypress/reports/mocha",
        "overwrite": false,
        "html": false,
        "json": true
      },
      "version": "6.3.2"
    }
  }
}