{
  "stats": {
    "suites": 6,
    "tests": 11,
    "passes": 11,
    "pending": 0,
    "failures": 0,
    "testsRegistered": 11,
    "passPercent": 100,
    "pendingPercent": 0,
    "other": 0,
    "hasOther": false,
    "skipped": 0,
    "hasSkipped": false,
    "start": "2026-08-16T08:48:57.304Z",
    "end": "2026-08-16T08:49:27.881Z",
    "duration": 30577
  },
  "results": [
    {
      "uuid": "993bd254-b4ea-45f3-bf3c-ed8e32d4e570",
      "title": "",
      "fullFile": "cypress\\e2e\\cart-management.cy.js",
      "file": "cypress\\e2e\\cart-management.cy.js",
      "beforeHooks": [],
      "afterHooks": [],
      "tests": [],
      "suites": [
        {
          "uuid": "f3635953-852d-4bb2-9ff2-7756e383ae3b",
          "title": "Cart Management",
          "fullFile": "cypress\\e2e\\cart-management.cy.js",
          "file": "cypress\\e2e\\cart-management.cy.js",
          "beforeHooks": [],
          "afterHooks": [],
          "tests": [
            {
              "title": "adds Sauce Labs Bike Light to cart and removes it",
              "fullTitle": "Cart Management adds Sauce Labs Bike Light to cart and removes it",
              "timedOut": null,
              "duration": 1541,
              "state": "passed",
              "speed": "fast",
              "pass": true,
              "fail": false,
              "pending": false,
              "context": null,
              "code": "const inventory = new _Inventory.default();\ninventory.addBikeLightToCart();\ninventory.getCartBadgeCount().should('have.text', '1');\ninventory.removeBikeLightFromCart();\ncy.get('.shopping_cart_badge').should('not.exist');",
              "err": {},
              "uuid": "ebb1c1c3-2716-49a1-9add-cf3ae30a6709",
              "parentUUID": "f3635953-852d-4bb2-9ff2-7756e383ae3b",
              "isHook": false,
              "skipped": false
            }
          ],
          "suites": [],
          "passes": [
            "ebb1c1c3-2716-49a1-9add-cf3ae30a6709"
          ],
          "failures": [],
          "pending": [],
          "skipped": [],
          "duration": 1541,
          "root": false,
          "rootEmpty": false,
          "_timeout": 2000
        }
      ],
      "passes": [],
      "failures": [],
      "pending": [],
      "skipped": [],
      "duration": 0,
      "root": true,
      "rootEmpty": true,
      "_timeout": 2000
    },
    {
      "uuid": "6c7e5daa-19dd-406f-8587-dee64238b20b",
      "title": "",
      "fullFile": "cypress\\e2e\\checkout-negative.cy.js",
      "file": "cypress\\e2e\\checkout-negative.cy.js",
      "beforeHooks": [],
      "afterHooks": [],
      "tests": [],
      "suites": [
        {
          "uuid": "0b3e80e2-2fbe-4d44-a0a7-6fc599821599",
          "title": "Checkout - Negative Scenarios",
          "fullFile": "cypress\\e2e\\checkout-negative.cy.js",
          "file": "cypress\\e2e\\checkout-negative.cy.js",
          "beforeHooks": [],
          "afterHooks": [],
          "tests": [
            {
              "title": "shows error when first name is missing",
              "fullTitle": "Checkout - Negative Scenarios shows error when first name is missing",
              "timedOut": null,
              "duration": 1799,
              "state": "passed",
              "speed": "fast",
              "pass": true,
              "fail": false,
              "pending": false,
              "context": null,
              "code": "const checkout = new _Checkout.default();\ncy.get('#last-name').type('Bhardwaj');\ncy.get('#postal-code').type('411001');\ncheckout.clickContinue();\ncheckout.getErrorMessage().should('contain.text', 'First Name is required');",
              "err": {},
              "uuid": "ff6bd105-7528-4115-b9d9-154998ec9329",
              "parentUUID": "0b3e80e2-2fbe-4d44-a0a7-6fc599821599",
              "isHook": false,
              "skipped": false
            },
            {
              "title": "shows error when postal code is missing",
              "fullTitle": "Checkout - Negative Scenarios shows error when postal code is missing",
              "timedOut": null,
              "duration": 1549,
              "state": "passed",
              "speed": "fast",
              "pass": true,
              "fail": false,
              "pending": false,
              "context": null,
              "code": "const checkout = new _Checkout.default();\ncy.get('#first-name').type('Seema');\ncy.get('#last-name').type('Bhardwaj');\ncheckout.clickContinue();\ncheckout.getErrorMessage().should('contain.text', 'Postal Code is required');",
              "err": {},
              "uuid": "5cecf6b6-15ae-492b-87b5-5ef4ab46587d",
              "parentUUID": "0b3e80e2-2fbe-4d44-a0a7-6fc599821599",
              "isHook": false,
              "skipped": false
            },
            {
              "title": "shows error when all fields are empty",
              "fullTitle": "Checkout - Negative Scenarios shows error when all fields are empty",
              "timedOut": null,
              "duration": 1093,
              "state": "passed",
              "speed": "fast",
              "pass": true,
              "fail": false,
              "pending": false,
              "context": null,
              "code": "const checkout = new _Checkout.default();\ncheckout.clickContinue();\ncheckout.getErrorMessage().should('contain.text', 'First Name is required');",
              "err": {},
              "uuid": "4e1e2eb4-bcb3-4568-bef5-f99f6f0fa34e",
              "parentUUID": "0b3e80e2-2fbe-4d44-a0a7-6fc599821599",
              "isHook": false,
              "skipped": false
            }
          ],
          "suites": [],
          "passes": [
            "ff6bd105-7528-4115-b9d9-154998ec9329",
            "5cecf6b6-15ae-492b-87b5-5ef4ab46587d",
            "4e1e2eb4-bcb3-4568-bef5-f99f6f0fa34e"
          ],
          "failures": [],
          "pending": [],
          "skipped": [],
          "duration": 4441,
          "root": false,
          "rootEmpty": false,
          "_timeout": 2000
        }
      ],
      "passes": [],
      "failures": [],
      "pending": [],
      "skipped": [],
      "duration": 0,
      "root": true,
      "rootEmpty": true,
      "_timeout": 2000
    },
    {
      "uuid": "68104ba8-e426-4196-9244-e97f56ab5bd6",
      "title": "",
      "fullFile": "cypress\\e2e\\checkout.cy.js",
      "file": "cypress\\e2e\\checkout.cy.js",
      "beforeHooks": [],
      "afterHooks": [],
      "tests": [],
      "suites": [
        {
          "uuid": "6955080c-e7ee-4475-a349-649e83d08c64",
          "title": "Checkout flow",
          "fullFile": "cypress\\e2e\\checkout.cy.js",
          "file": "cypress\\e2e\\checkout.cy.js",
          "beforeHooks": [],
          "afterHooks": [],
          "tests": [
            {
              "title": "adds a product to cart and completes checkout",
              "fullTitle": "Checkout flow adds a product to cart and completes checkout",
              "timedOut": null,
              "duration": 2010,
              "state": "passed",
              "speed": "fast",
              "pass": true,
              "fail": false,
              "pending": false,
              "context": null,
              "code": "cy.visit('https://www.saucedemo.com/');\nconst ln = new _Login.default();\nln.setUserName(\"standard_user\");\nln.setPassword(\"secret_sauce\");\nln.clickLogin();\nconst inventory = new _Inventory.default();\ninventory.addBackpackToCart();\ninventory.goToCart();\nconst cart = new _Cart.default();\ncart.verifyProductInCart('Sauce Labs Backpack');\ncart.goToCheckout();\nconst checkout = new _Checkout.default();\ncheckout.enterInfo('Seema', 'Bhardwaj', '411001');\ncheckout.finishOrder();\ncheckout.verifyOrderComplete();",
              "err": {},
              "uuid": "13a7530e-b4bd-4bf0-8a84-9f91b0037f06",
              "parentUUID": "6955080c-e7ee-4475-a349-649e83d08c64",
              "isHook": false,
              "skipped": false
            }
          ],
          "suites": [],
          "passes": [
            "13a7530e-b4bd-4bf0-8a84-9f91b0037f06"
          ],
          "failures": [],
          "pending": [],
          "skipped": [],
          "duration": 2010,
          "root": false,
          "rootEmpty": false,
          "_timeout": 2000
        }
      ],
      "passes": [],
      "failures": [],
      "pending": [],
      "skipped": [],
      "duration": 0,
      "root": true,
      "rootEmpty": true,
      "_timeout": 2000
    },
    {
      "uuid": "46220560-f89c-424f-bc8f-dd3c48c28b63",
      "title": "",
      "fullFile": "cypress\\e2e\\login-negative.cy.js",
      "file": "cypress\\e2e\\login-negative.cy.js",
      "beforeHooks": [],
      "afterHooks": [],
      "tests": [],
      "suites": [
        {
          "uuid": "c214c2ed-a36e-47d3-83cd-5dbae0d57264",
          "title": "Login - Negative Scenarios",
          "fullFile": "cypress\\e2e\\login-negative.cy.js",
          "file": "cypress\\e2e\\login-negative.cy.js",
          "beforeHooks": [],
          "afterHooks": [],
          "tests": [
            {
              "title": "shows error for invalid username",
              "fullTitle": "Login - Negative Scenarios shows error for invalid username",
              "timedOut": null,
              "duration": 907,
              "state": "passed",
              "speed": "fast",
              "pass": true,
              "fail": false,
              "pending": false,
              "context": null,
              "code": "const ln = new _Login.default();\nln.setUserName(\"invalid_user\");\nln.setPassword(\"secret_sauce\");\nln.clickLogin();\nln.getErrorMessage().should('contain.text', 'Username and password do not match');",
              "err": {},
              "uuid": "7a9685c0-33af-4073-9c50-734d61f0d630",
              "parentUUID": "c214c2ed-a36e-47d3-83cd-5dbae0d57264",
              "isHook": false,
              "skipped": false
            },
            {
              "title": "shows error for invalid password",
              "fullTitle": "Login - Negative Scenarios shows error for invalid password",
              "timedOut": null,
              "duration": 798,
              "state": "passed",
              "speed": "fast",
              "pass": true,
              "fail": false,
              "pending": false,
              "context": null,
              "code": "const ln = new _Login.default();\nln.setUserName(\"standard_user\");\nln.setPassword(\"wrong_password\");\nln.clickLogin();\nln.getErrorMessage().should('contain.text', 'Username and password do not match');",
              "err": {},
              "uuid": "8bd1b21a-d505-4f1d-834e-4e72e59db490",
              "parentUUID": "c214c2ed-a36e-47d3-83cd-5dbae0d57264",
              "isHook": false,
              "skipped": false
            },
            {
              "title": "shows error for locked out user",
              "fullTitle": "Login - Negative Scenarios shows error for locked out user",
              "timedOut": null,
              "duration": 798,
              "state": "passed",
              "speed": "fast",
              "pass": true,
              "fail": false,
              "pending": false,
              "context": null,
              "code": "const ln = new _Login.default();\nln.setUserName(\"locked_out_user\");\nln.setPassword(\"secret_sauce\");\nln.clickLogin();\nln.getErrorMessage().should('contain.text', 'locked out');",
              "err": {},
              "uuid": "49494849-420a-4a43-b8f1-db47bc448eaf",
              "parentUUID": "c214c2ed-a36e-47d3-83cd-5dbae0d57264",
              "isHook": false,
              "skipped": false
            },
            {
              "title": "shows error for empty credentials",
              "fullTitle": "Login - Negative Scenarios shows error for empty credentials",
              "timedOut": null,
              "duration": 183,
              "state": "passed",
              "speed": "fast",
              "pass": true,
              "fail": false,
              "pending": false,
              "context": null,
              "code": "const ln = new _Login.default();\nln.clickLogin();\nln.getErrorMessage().should('contain.text', 'Username is required');",
              "err": {},
              "uuid": "9163bd05-34fa-43af-8931-c14ce95bca5d",
              "parentUUID": "c214c2ed-a36e-47d3-83cd-5dbae0d57264",
              "isHook": false,
              "skipped": false
            }
          ],
          "suites": [],
          "passes": [
            "7a9685c0-33af-4073-9c50-734d61f0d630",
            "8bd1b21a-d505-4f1d-834e-4e72e59db490",
            "49494849-420a-4a43-b8f1-db47bc448eaf",
            "9163bd05-34fa-43af-8931-c14ce95bca5d"
          ],
          "failures": [],
          "pending": [],
          "skipped": [],
          "duration": 2686,
          "root": false,
          "rootEmpty": false,
          "_timeout": 2000
        }
      ],
      "passes": [],
      "failures": [],
      "pending": [],
      "skipped": [],
      "duration": 0,
      "root": true,
      "rootEmpty": true,
      "_timeout": 2000
    },
    {
      "uuid": "19a72c2f-3f7c-4e27-8de6-d66b41308203",
      "title": "",
      "fullFile": "cypress\\e2e\\login.cy.js",
      "file": "cypress\\e2e\\login.cy.js",
      "beforeHooks": [],
      "afterHooks": [],
      "tests": [],
      "suites": [
        {
          "uuid": "6b19639a-57a4-410e-87dd-09015d604a7a",
          "title": "Login to the application",
          "fullFile": "cypress\\e2e\\login.cy.js",
          "file": "cypress\\e2e\\login.cy.js",
          "beforeHooks": [],
          "afterHooks": [],
          "tests": [
            {
              "title": "launch the application",
              "fullTitle": "Login to the application launch the application",
              "timedOut": null,
              "duration": 942,
              "state": "passed",
              "speed": "fast",
              "pass": true,
              "fail": false,
              "pending": false,
              "context": null,
              "code": "cy.visit('https://www.saucedemo.com/');\nconst ln = new _Login.default();\nln.setUserName(\"standard_user\");\nln.setPassword(\"secret_sauce\");\nln.clickLogin();",
              "err": {},
              "uuid": "e9453c34-4e4a-4691-bf48-b29c152885ba",
              "parentUUID": "6b19639a-57a4-410e-87dd-09015d604a7a",
              "isHook": false,
              "skipped": false
            }
          ],
          "suites": [],
          "passes": [
            "e9453c34-4e4a-4691-bf48-b29c152885ba"
          ],
          "failures": [],
          "pending": [],
          "skipped": [],
          "duration": 942,
          "root": false,
          "rootEmpty": false,
          "_timeout": 2000
        }
      ],
      "passes": [],
      "failures": [],
      "pending": [],
      "skipped": [],
      "duration": 0,
      "root": true,
      "rootEmpty": true,
      "_timeout": 2000
    },
    {
      "uuid": "ff8b167e-5f86-408c-8d91-44caa34ca2fd",
      "title": "",
      "fullFile": "cypress\\e2e\\product-sort.cy.js",
      "file": "cypress\\e2e\\product-sort.cy.js",
      "beforeHooks": [],
      "afterHooks": [],
      "tests": [],
      "suites": [
        {
          "uuid": "f70d6065-b705-49b4-ac6e-b696ccd74948",
          "title": "Product Sorting",
          "fullFile": "cypress\\e2e\\product-sort.cy.js",
          "file": "cypress\\e2e\\product-sort.cy.js",
          "beforeHooks": [],
          "afterHooks": [],
          "tests": [
            {
              "title": "sorts products by price: high to low",
              "fullTitle": "Product Sorting sorts products by price: high to low",
              "timedOut": null,
              "duration": 1118,
              "state": "passed",
              "speed": "fast",
              "pass": true,
              "fail": false,
              "pending": false,
              "context": null,
              "code": "const inventory = new _Inventory.default();\ninventory.sortProducts('hilo');\ninventory.getAllProductPrices().then($prices => {\n  const prices = [...$prices].map(el => parseFloat(el.innerText.replace('$', '')));\n  const sortedDesc = [...prices].sort((a, b) => b - a);\n  expect(prices).to.deep.equal(sortedDesc);\n});",
              "err": {},
              "uuid": "5b92f5ea-5307-4772-935f-f0f008744944",
              "parentUUID": "f70d6065-b705-49b4-ac6e-b696ccd74948",
              "isHook": false,
              "skipped": false
            }
          ],
          "suites": [],
          "passes": [
            "5b92f5ea-5307-4772-935f-f0f008744944"
          ],
          "failures": [],
          "pending": [],
          "skipped": [],
          "duration": 1118,
          "root": false,
          "rootEmpty": false,
          "_timeout": 2000
        }
      ],
      "passes": [],
      "failures": [],
      "pending": [],
      "skipped": [],
      "duration": 0,
      "root": true,
      "rootEmpty": true,
      "_timeout": 2000
    }
  ],
  "meta": {
    "mocha": {
      "version": "7.2.0"
    },
    "mochawesome": {
      "options": {
        "quiet": true,
        "reportFilename": "mochawesome",
        "saveHtml": false,
        "saveJson": true,
        "consoleReporter": "spec",
        "useInlineDiffs": false,
        "code": true
      },
      "version": "8.0.1"
    },
    "marge": {
      "options": {
        "reportDir": "cypress\\reports\\html\\.jsons",
        "charts": true,
        "overwrite": false,
        "html": false,
        "json": true,
        "saveJson": true,
        "quiet": true
      },
      "version": "6.3.2"
    }
  }
}