{
  "stats": {
    "suites": 2,
    "tests": 2,
    "passes": 2,
    "pending": 0,
    "failures": 0,
    "testsRegistered": 2,
    "passPercent": 100,
    "pendingPercent": 0,
    "other": 0,
    "hasOther": false,
    "skipped": 0,
    "hasSkipped": false,
    "start": "2026-08-16T07:31:53.996Z",
    "end": "2026-08-16T07:32:02.395Z",
    "duration": 8399
  },
  "results": [
    {
      "uuid": "e3819bde-74df-4245-89cf-b20980f5fa7b",
      "title": "",
      "fullFile": "cypress\\e2e\\checkout.cy.js",
      "file": "cypress\\e2e\\checkout.cy.js",
      "beforeHooks": [],
      "afterHooks": [],
      "tests": [],
      "suites": [
        {
          "uuid": "02cb253d-c4df-433c-98e2-77533f0aaeaa",
          "title": "Checkout flow",
          "fullFile": "cypress\\e2e\\checkout.cy.js",
          "file": "cypress\\e2e\\checkout.cy.js",
          "beforeHooks": [],
          "afterHooks": [],
          "tests": [
            {
              "title": "adds a product to cart and completes checkout",
              "fullTitle": "Checkout flow adds a product to cart and completes checkout",
              "timedOut": null,
              "duration": 2468,
              "state": "passed",
              "speed": "fast",
              "pass": true,
              "fail": false,
              "pending": false,
              "context": null,
              "code": "cy.visit('https://www.saucedemo.com/');\nconst ln = new _Login.default();\nln.setUserName(\"standard_user\");\nln.setPassword(\"secret_sauce\");\nln.clickLogin();\nconst inventory = new _Inventory.default();\ninventory.addBackpackToCart();\ninventory.goToCart();\nconst cart = new _Cart.default();\ncart.verifyProductInCart('Sauce Labs Backpack');\ncart.goToCheckout();\nconst checkout = new _Checkout.default();\ncheckout.enterInfo('Seema', 'Bhardwaj', '411001');\ncheckout.finishOrder();\ncheckout.verifyOrderComplete();",
              "err": {},
              "uuid": "9454ae16-f955-4f32-b770-de244cb4c41a",
              "parentUUID": "02cb253d-c4df-433c-98e2-77533f0aaeaa",
              "isHook": false,
              "skipped": false
            }
          ],
          "suites": [],
          "passes": [
            "9454ae16-f955-4f32-b770-de244cb4c41a"
          ],
          "failures": [],
          "pending": [],
          "skipped": [],
          "duration": 2468,
          "root": false,
          "rootEmpty": false,
          "_timeout": 2000
        }
      ],
      "passes": [],
      "failures": [],
      "pending": [],
      "skipped": [],
      "duration": 0,
      "root": true,
      "rootEmpty": true,
      "_timeout": 2000
    },
    {
      "uuid": "a55c5464-4a0b-472a-bc33-6ba0e055d7f2",
      "title": "",
      "fullFile": "cypress\\e2e\\login.cy.js",
      "file": "cypress\\e2e\\login.cy.js",
      "beforeHooks": [],
      "afterHooks": [],
      "tests": [],
      "suites": [
        {
          "uuid": "f88cb874-31bc-43dd-9afc-3d7276929db8",
          "title": "Login to the application",
          "fullFile": "cypress\\e2e\\login.cy.js",
          "file": "cypress\\e2e\\login.cy.js",
          "beforeHooks": [],
          "afterHooks": [],
          "tests": [
            {
              "title": "launch the application",
              "fullTitle": "Login to the application launch the application",
              "timedOut": null,
              "duration": 1013,
              "state": "passed",
              "speed": "fast",
              "pass": true,
              "fail": false,
              "pending": false,
              "context": null,
              "code": "cy.visit('https://www.saucedemo.com/');\nconst ln = new _Login.default();\nln.setUserName(\"standard_user\");\nln.setPassword(\"secret_sauce\");\nln.clickLogin();",
              "err": {},
              "uuid": "43c85e76-f33f-4981-8825-1bed6d17352f",
              "parentUUID": "f88cb874-31bc-43dd-9afc-3d7276929db8",
              "isHook": false,
              "skipped": false
            }
          ],
          "suites": [],
          "passes": [
            "43c85e76-f33f-4981-8825-1bed6d17352f"
          ],
          "failures": [],
          "pending": [],
          "skipped": [],
          "duration": 1013,
          "root": false,
          "rootEmpty": false,
          "_timeout": 2000
        }
      ],
      "passes": [],
      "failures": [],
      "pending": [],
      "skipped": [],
      "duration": 0,
      "root": true,
      "rootEmpty": true,
      "_timeout": 2000
    }
  ],
  "meta": {
    "mocha": {
      "version": "7.2.0"
    },
    "mochawesome": {
      "options": {
        "quiet": true,
        "reportFilename": "mochawesome",
        "saveHtml": false,
        "saveJson": true,
        "consoleReporter": "spec",
        "useInlineDiffs": false,
        "code": true
      },
      "version": "8.0.1"
    },
    "marge": {
      "options": {
        "reportDir": "cypress\\reports\\html\\.jsons",
        "charts": true,
        "overwrite": false,
        "html": false,
        "json": true,
        "saveJson": true,
        "quiet": true
      },
      "version": "6.3.2"
    }
  }
}