{
  "stats": {
    "suites": 2,
    "tests": 2,
    "passes": 2,
    "pending": 0,
    "failures": 0,
    "testsRegistered": 2,
    "passPercent": 100,
    "pendingPercent": 0,
    "other": 0,
    "hasOther": false,
    "skipped": 0,
    "hasSkipped": false,
    "start": "2026-08-16T08:01:15.430Z",
    "end": "2026-08-16T08:01:23.819Z",
    "duration": 8389
  },
  "results": [
    {
      "uuid": "0c1e2abd-1c0e-47f9-84b2-c1e2b47312a4",
      "title": "",
      "fullFile": "cypress\\e2e\\checkout.cy.js",
      "file": "cypress\\e2e\\checkout.cy.js",
      "beforeHooks": [],
      "afterHooks": [],
      "tests": [],
      "suites": [
        {
          "uuid": "0ce5c097-84f2-4086-b49a-4f16ca1cbb3b",
          "title": "Checkout flow",
          "fullFile": "cypress\\e2e\\checkout.cy.js",
          "file": "cypress\\e2e\\checkout.cy.js",
          "beforeHooks": [],
          "afterHooks": [],
          "tests": [
            {
              "title": "adds a product to cart and completes checkout",
              "fullTitle": "Checkout flow adds a product to cart and completes checkout",
              "timedOut": null,
              "duration": 2435,
              "state": "passed",
              "speed": "fast",
              "pass": true,
              "fail": false,
              "pending": false,
              "context": null,
              "code": "cy.visit('https://www.saucedemo.com/');\nconst ln = new _Login.default();\nln.setUserName(\"standard_user\");\nln.setPassword(\"secret_sauce\");\nln.clickLogin();\nconst inventory = new _Inventory.default();\ninventory.addBackpackToCart();\ninventory.goToCart();\nconst cart = new _Cart.default();\ncart.verifyProductInCart('Sauce Labs Backpack');\ncart.goToCheckout();\nconst checkout = new _Checkout.default();\ncheckout.enterInfo('Seema', 'Bhardwaj', '411001');\ncheckout.finishOrder();\ncheckout.verifyOrderComplete();",
              "err": {},
              "uuid": "11c3a7e6-1bc7-4f0a-a41d-35105351ee48",
              "parentUUID": "0ce5c097-84f2-4086-b49a-4f16ca1cbb3b",
              "isHook": false,
              "skipped": false
            }
          ],
          "suites": [],
          "passes": [
            "11c3a7e6-1bc7-4f0a-a41d-35105351ee48"
          ],
          "failures": [],
          "pending": [],
          "skipped": [],
          "duration": 2435,
          "root": false,
          "rootEmpty": false,
          "_timeout": 2000
        }
      ],
      "passes": [],
      "failures": [],
      "pending": [],
      "skipped": [],
      "duration": 0,
      "root": true,
      "rootEmpty": true,
      "_timeout": 2000
    },
    {
      "uuid": "29b43139-649a-49b4-b1cd-832de7dd5562",
      "title": "",
      "fullFile": "cypress\\e2e\\login.cy.js",
      "file": "cypress\\e2e\\login.cy.js",
      "beforeHooks": [],
      "afterHooks": [],
      "tests": [],
      "suites": [
        {
          "uuid": "aecc6a56-38ed-4a28-9935-c7db6428bfc9",
          "title": "Login to the application",
          "fullFile": "cypress\\e2e\\login.cy.js",
          "file": "cypress\\e2e\\login.cy.js",
          "beforeHooks": [],
          "afterHooks": [],
          "tests": [
            {
              "title": "launch the application",
              "fullTitle": "Login to the application launch the application",
              "timedOut": null,
              "duration": 949,
              "state": "passed",
              "speed": "fast",
              "pass": true,
              "fail": false,
              "pending": false,
              "context": null,
              "code": "cy.visit('https://www.saucedemo.com/');\nconst ln = new _Login.default();\nln.setUserName(\"standard_user\");\nln.setPassword(\"secret_sauce\");\nln.clickLogin();",
              "err": {},
              "uuid": "e3360f5c-188d-49da-85f7-1e49cbfbd3c1",
              "parentUUID": "aecc6a56-38ed-4a28-9935-c7db6428bfc9",
              "isHook": false,
              "skipped": false
            }
          ],
          "suites": [],
          "passes": [
            "e3360f5c-188d-49da-85f7-1e49cbfbd3c1"
          ],
          "failures": [],
          "pending": [],
          "skipped": [],
          "duration": 949,
          "root": false,
          "rootEmpty": false,
          "_timeout": 2000
        }
      ],
      "passes": [],
      "failures": [],
      "pending": [],
      "skipped": [],
      "duration": 0,
      "root": true,
      "rootEmpty": true,
      "_timeout": 2000
    }
  ],
  "meta": {
    "mocha": {
      "version": "7.2.0"
    },
    "mochawesome": {
      "options": {
        "quiet": true,
        "reportFilename": "mochawesome",
        "saveHtml": false,
        "saveJson": true,
        "consoleReporter": "spec",
        "useInlineDiffs": false,
        "code": true
      },
      "version": "8.0.1"
    },
    "marge": {
      "options": {
        "reportDir": "cypress\\reports\\html\\.jsons",
        "charts": true,
        "overwrite": false,
        "html": false,
        "json": true,
        "saveJson": true,
        "quiet": true
      },
      "version": "6.3.2"
    }
  }
}